<?xml version="1.0" encoding="UTF-8"?>
<!-- Generated by org.testng.reporters.JUnitReportReporter -->
<testsuite hostname="Abhijith" failures="0" tests="1" name="shoppingcart.TC_DWS_002_Test" time="9.048" errors="0" timestamp="2023-11-25T11:30:41 IST" skipped="0">
  <testcase classname="shoppingcart.TC_DWS_002_Test" name="addTocart" time="9.048"/>
</testsuite> <!-- shoppingcart.TC_DWS_002_Test -->
