<?xml version="1.0" encoding="UTF-8"?>
<!-- Generated by org.testng.reporters.JUnitReportReporter -->
<testsuite hostname="Abhijith" failures="0" tests="1" name="login.TC_DWS_001_Test" time="2.591" errors="0" timestamp="2023-11-25T11:30:41 IST" skipped="0">
  <testcase classname="login.TC_DWS_001_Test" name="loginTest" time="2.591"/>
</testsuite> <!-- login.TC_DWS_001_Test -->
